2018-09-14 11:19:13,891 INFO org.springframework.context.support.ClassPathXmlApplicationContext [main] Refreshing org.springframework.context.support.ClassPathXmlApplicationContext@35083305: startup date [Fri Sep 14 11:19:13 CST 2018]; root of context hierarchy
2018-09-14 11:19:13,963 INFO org.springframework.beans.factory.xml.XmlBeanDefinitionReader [main] Loading XML bean definitions from class path resource [cn/kepu/self/admin/launcher.xml]
2018-09-14 11:19:14,058 INFO org.springframework.beans.factory.xml.XmlBeanDefinitionReader [main] Loading XML bean definitions from class path resource [cn/kepu/self/dbaccess/sql.xml]
2018-09-14 11:19:14,114 INFO org.springframework.beans.factory.xml.XmlBeanDefinitionReader [main] Loading XML bean definitions from class path resource [cn/kepu/self/util/util.xml]
2018-09-14 11:19:14,157 INFO org.springframework.beans.factory.xml.XmlBeanDefinitionReader [main] Loading XML bean definitions from class path resource [cn/kepu/self/commons/commons.xml]
2018-09-14 11:19:14,217 INFO org.springframework.beans.factory.xml.XmlBeanDefinitionReader [main] Loading XML bean definitions from class path resource [cn/kepu/self/task/task.xml]
2018-09-14 11:19:14,253 INFO org.springframework.beans.factory.xml.XmlBeanDefinitionReader [main] Loading XML bean definitions from class path resource [cn/kepu/self/video/video.xml]
2018-09-14 11:19:14,293 INFO org.springframework.beans.factory.xml.XmlBeanDefinitionReader [main] Loading XML bean definitions from class path resource [cn/kepu/self/activity/activity.xml]
2018-09-14 11:19:14,322 INFO org.springframework.beans.factory.xml.XmlBeanDefinitionReader [main] Loading XML bean definitions from class path resource [cn/kepu/self/shop/shop.xml]
2018-09-14 11:19:14,346 INFO org.springframework.beans.factory.xml.XmlBeanDefinitionReader [main] Loading XML bean definitions from class path resource [cn/kepu/self/others/others.xml]
2018-09-16 20:37:36,759 INFO org.springframework.context.support.ClassPathXmlApplicationContext [main] Refreshing org.springframework.context.support.ClassPathXmlApplicationContext@35083305: startup date [Sun Sep 16 20:37:36 CST 2018]; root of context hierarchy
2018-09-16 20:37:37,034 INFO org.springframework.beans.factory.xml.XmlBeanDefinitionReader [main] Loading XML bean definitions from class path resource [cn/kepu/self/admin/launcher.xml]
2018-09-16 20:37:37,604 INFO org.springframework.beans.factory.xml.XmlBeanDefinitionReader [main] Loading XML bean definitions from class path resource [cn/kepu/self/dbaccess/sql.xml]
2018-09-16 20:37:37,805 INFO org.springframework.beans.factory.xml.XmlBeanDefinitionReader [main] Loading XML bean definitions from class path resource [cn/kepu/self/util/util.xml]
2018-09-16 20:37:37,829 INFO org.springframework.beans.factory.xml.XmlBeanDefinitionReader [main] Loading XML bean definitions from class path resource [cn/kepu/self/commons/commons.xml]
2018-09-16 20:37:37,904 INFO org.springframework.beans.factory.xml.XmlBeanDefinitionReader [main] Loading XML bean definitions from class path resource [cn/kepu/self/task/task.xml]
2018-09-16 20:37:37,960 INFO org.springframework.beans.factory.xml.XmlBeanDefinitionReader [main] Loading XML bean definitions from class path resource [cn/kepu/self/video/video.xml]
2018-09-16 20:37:38,032 INFO org.springframework.beans.factory.xml.XmlBeanDefinitionReader [main] Loading XML bean definitions from class path resource [cn/kepu/self/activity/activity.xml]
2018-09-16 20:37:38,078 INFO org.springframework.beans.factory.xml.XmlBeanDefinitionReader [main] Loading XML bean definitions from class path resource [cn/kepu/self/shop/shop.xml]
2018-09-16 20:37:38,123 INFO org.springframework.beans.factory.xml.XmlBeanDefinitionReader [main] Loading XML bean definitions from class path resource [cn/kepu/self/others/others.xml]
2018-09-16 20:37:52,078 WARN org.springframework.context.support.ClassPathXmlApplicationContext [main] Exception encountered during context initialization - cancelling refresh attempt: org.springframework.beans.factory.BeanCreationException: Error creating bean with name 'cn.kepu.self.commons.http.SelfHttpServer#0' defined in class path resource [cn/kepu/self/admin/launcher.xml]: Bean instantiation via constructor failed; nested exception is org.springframework.beans.BeanInstantiationException: Failed to instantiate [cn.kepu.self.commons.http.SelfHttpServer]: Constructor threw exception; nested exception is javax.ws.rs.ProcessingException: Failed to start Grizzly HTTP server: Cannot assign requested address: bind
2018-09-16 20:45:34,741 INFO org.springframework.context.support.ClassPathXmlApplicationContext [main] Refreshing org.springframework.context.support.ClassPathXmlApplicationContext@35083305: startup date [Sun Sep 16 20:45:34 CST 2018]; root of context hierarchy
2018-09-16 20:45:34,823 INFO org.springframework.beans.factory.xml.XmlBeanDefinitionReader [main] Loading XML bean definitions from class path resource [cn/kepu/self/admin/launcher.xml]
2018-09-16 20:45:34,948 INFO org.springframework.beans.factory.xml.XmlBeanDefinitionReader [main] Loading XML bean definitions from class path resource [cn/kepu/self/dbaccess/sql.xml]
2018-09-16 20:45:35,019 INFO org.springframework.beans.factory.xml.XmlBeanDefinitionReader [main] Loading XML bean definitions from class path resource [cn/kepu/self/util/util.xml]
2018-09-16 20:45:35,040 INFO org.springframework.beans.factory.xml.XmlBeanDefinitionReader [main] Loading XML bean definitions from class path resource [cn/kepu/self/commons/commons.xml]
2018-09-16 20:45:35,137 INFO org.springframework.beans.factory.xml.XmlBeanDefinitionReader [main] Loading XML bean definitions from class path resource [cn/kepu/self/task/task.xml]
2018-09-16 20:45:35,207 INFO org.springframework.beans.factory.xml.XmlBeanDefinitionReader [main] Loading XML bean definitions from class path resource [cn/kepu/self/video/video.xml]
2018-09-16 20:45:35,274 INFO org.springframework.beans.factory.xml.XmlBeanDefinitionReader [main] Loading XML bean definitions from class path resource [cn/kepu/self/activity/activity.xml]
2018-09-16 20:45:35,310 INFO org.springframework.beans.factory.xml.XmlBeanDefinitionReader [main] Loading XML bean definitions from class path resource [cn/kepu/self/shop/shop.xml]
2018-09-16 20:45:35,339 INFO org.springframework.beans.factory.xml.XmlBeanDefinitionReader [main] Loading XML bean definitions from class path resource [cn/kepu/self/others/others.xml]
2018-09-16 21:01:25,214 INFO org.springframework.context.support.ClassPathXmlApplicationContext [main] Refreshing org.springframework.context.support.ClassPathXmlApplicationContext@35083305: startup date [Sun Sep 16 21:01:25 CST 2018]; root of context hierarchy
2018-09-16 21:01:25,294 INFO org.springframework.beans.factory.xml.XmlBeanDefinitionReader [main] Loading XML bean definitions from class path resource [cn/kepu/self/admin/launcher.xml]
2018-09-16 21:01:25,620 INFO org.springframework.beans.factory.xml.XmlBeanDefinitionReader [main] Loading XML bean definitions from class path resource [cn/kepu/self/dbaccess/sql.xml]
2018-09-16 21:01:25,768 INFO org.springframework.beans.factory.xml.XmlBeanDefinitionReader [main] Loading XML bean definitions from class path resource [cn/kepu/self/util/util.xml]
2018-09-16 21:01:26,035 INFO org.springframework.beans.factory.xml.XmlBeanDefinitionReader [main] Loading XML bean definitions from class path resource [cn/kepu/self/commons/commons.xml]
2018-09-16 21:01:26,362 INFO org.springframework.beans.factory.xml.XmlBeanDefinitionReader [main] Loading XML bean definitions from class path resource [cn/kepu/self/task/task.xml]
2018-09-16 21:01:26,410 INFO org.springframework.beans.factory.xml.XmlBeanDefinitionReader [main] Loading XML bean definitions from class path resource [cn/kepu/self/video/video.xml]
2018-09-16 21:01:26,553 INFO org.springframework.beans.factory.xml.XmlBeanDefinitionReader [main] Loading XML bean definitions from class path resource [cn/kepu/self/activity/activity.xml]
2018-09-16 21:01:26,658 INFO org.springframework.beans.factory.xml.XmlBeanDefinitionReader [main] Loading XML bean definitions from class path resource [cn/kepu/self/shop/shop.xml]
2018-09-16 21:01:26,799 INFO org.springframework.beans.factory.xml.XmlBeanDefinitionReader [main] Loading XML bean definitions from class path resource [cn/kepu/self/others/others.xml]
2018-09-17 09:25:24,729 INFO org.springframework.context.support.ClassPathXmlApplicationContext [main] Refreshing org.springframework.context.support.ClassPathXmlApplicationContext@35083305: startup date [Mon Sep 17 09:25:24 CST 2018]; root of context hierarchy
2018-09-17 09:25:25,028 INFO org.springframework.beans.factory.xml.XmlBeanDefinitionReader [main] Loading XML bean definitions from class path resource [cn/kepu/self/admin/launcher.xml]
2018-09-17 09:25:25,521 INFO org.springframework.beans.factory.xml.XmlBeanDefinitionReader [main] Loading XML bean definitions from class path resource [cn/kepu/self/dbaccess/sql.xml]
2018-09-17 09:25:25,739 INFO org.springframework.beans.factory.xml.XmlBeanDefinitionReader [main] Loading XML bean definitions from class path resource [cn/kepu/self/util/util.xml]
2018-09-17 09:25:25,769 INFO org.springframework.beans.factory.xml.XmlBeanDefinitionReader [main] Loading XML bean definitions from class path resource [cn/kepu/self/commons/commons.xml]
2018-09-17 09:25:25,851 INFO org.springframework.beans.factory.xml.XmlBeanDefinitionReader [main] Loading XML bean definitions from class path resource [cn/kepu/self/task/task.xml]
2018-09-17 09:25:25,894 INFO org.springframework.beans.factory.xml.XmlBeanDefinitionReader [main] Loading XML bean definitions from class path resource [cn/kepu/self/video/video.xml]
2018-09-17 09:25:25,969 INFO org.springframework.beans.factory.xml.XmlBeanDefinitionReader [main] Loading XML bean definitions from class path resource [cn/kepu/self/activity/activity.xml]
2018-09-17 09:25:26,014 INFO org.springframework.beans.factory.xml.XmlBeanDefinitionReader [main] Loading XML bean definitions from class path resource [cn/kepu/self/shop/shop.xml]
2018-09-17 09:25:26,058 INFO org.springframework.beans.factory.xml.XmlBeanDefinitionReader [main] Loading XML bean definitions from class path resource [cn/kepu/self/others/others.xml]
2018-09-17 09:25:47,142 WARN org.springframework.context.support.ClassPathXmlApplicationContext [main] Exception encountered during context initialization - cancelling refresh attempt: org.springframework.beans.factory.BeanCreationException: Error creating bean with name 'cn.kepu.self.commons.http.SelfHttpServer#0' defined in class path resource [cn/kepu/self/admin/launcher.xml]: Bean instantiation via constructor failed; nested exception is org.springframework.beans.BeanInstantiationException: Failed to instantiate [cn.kepu.self.commons.http.SelfHttpServer]: Constructor threw exception; nested exception is javax.ws.rs.ProcessingException: Failed to start Grizzly HTTP server: Cannot assign requested address: bind
2018-09-17 09:27:31,497 INFO org.springframework.context.support.ClassPathXmlApplicationContext [main] Refreshing org.springframework.context.support.ClassPathXmlApplicationContext@35083305: startup date [Mon Sep 17 09:27:31 CST 2018]; root of context hierarchy
2018-09-17 09:27:31,565 INFO org.springframework.beans.factory.xml.XmlBeanDefinitionReader [main] Loading XML bean definitions from class path resource [cn/kepu/self/admin/launcher.xml]
2018-09-17 09:27:31,664 INFO org.springframework.beans.factory.xml.XmlBeanDefinitionReader [main] Loading XML bean definitions from class path resource [cn/kepu/self/dbaccess/sql.xml]
2018-09-17 09:27:31,725 INFO org.springframework.beans.factory.xml.XmlBeanDefinitionReader [main] Loading XML bean definitions from class path resource [cn/kepu/self/util/util.xml]
2018-09-17 09:27:31,748 INFO org.springframework.beans.factory.xml.XmlBeanDefinitionReader [main] Loading XML bean definitions from class path resource [cn/kepu/self/commons/commons.xml]
2018-09-17 09:27:31,798 INFO org.springframework.beans.factory.xml.XmlBeanDefinitionReader [main] Loading XML bean definitions from class path resource [cn/kepu/self/task/task.xml]
2018-09-17 09:27:31,827 INFO org.springframework.beans.factory.xml.XmlBeanDefinitionReader [main] Loading XML bean definitions from class path resource [cn/kepu/self/video/video.xml]
2018-09-17 09:27:31,883 INFO org.springframework.beans.factory.xml.XmlBeanDefinitionReader [main] Loading XML bean definitions from class path resource [cn/kepu/self/activity/activity.xml]
2018-09-17 09:27:31,938 INFO org.springframework.beans.factory.xml.XmlBeanDefinitionReader [main] Loading XML bean definitions from class path resource [cn/kepu/self/shop/shop.xml]
2018-09-17 09:27:31,964 INFO org.springframework.beans.factory.xml.XmlBeanDefinitionReader [main] Loading XML bean definitions from class path resource [cn/kepu/self/others/others.xml]
2018-09-17 21:51:55,835 INFO org.springframework.context.support.ClassPathXmlApplicationContext [main] Refreshing org.springframework.context.support.ClassPathXmlApplicationContext@35083305: startup date [Mon Sep 17 21:51:55 CST 2018]; root of context hierarchy
2018-09-17 21:51:56,054 INFO org.springframework.beans.factory.xml.XmlBeanDefinitionReader [main] Loading XML bean definitions from class path resource [cn/kepu/self/admin/launcher.xml]
2018-09-17 21:51:56,220 INFO org.springframework.beans.factory.xml.XmlBeanDefinitionReader [main] Loading XML bean definitions from class path resource [cn/kepu/self/dbaccess/sql.xml]
2018-09-17 21:51:56,313 INFO org.springframework.beans.factory.xml.XmlBeanDefinitionReader [main] Loading XML bean definitions from class path resource [cn/kepu/self/util/util.xml]
2018-09-17 21:51:56,489 INFO org.springframework.beans.factory.xml.XmlBeanDefinitionReader [main] Loading XML bean definitions from class path resource [cn/kepu/self/commons/commons.xml]
2018-09-17 21:51:56,684 INFO org.springframework.beans.factory.xml.XmlBeanDefinitionReader [main] Loading XML bean definitions from class path resource [cn/kepu/self/task/task.xml]
2018-09-17 21:51:56,758 INFO org.springframework.beans.factory.xml.XmlBeanDefinitionReader [main] Loading XML bean definitions from class path resource [cn/kepu/self/video/video.xml]
2018-09-17 21:51:56,900 INFO org.springframework.beans.factory.xml.XmlBeanDefinitionReader [main] Loading XML bean definitions from class path resource [cn/kepu/self/activity/activity.xml]
2018-09-17 21:51:57,052 INFO org.springframework.beans.factory.xml.XmlBeanDefinitionReader [main] Loading XML bean definitions from class path resource [cn/kepu/self/shop/shop.xml]
2018-09-17 21:51:57,186 INFO org.springframework.beans.factory.xml.XmlBeanDefinitionReader [main] Loading XML bean definitions from class path resource [cn/kepu/self/others/others.xml]
