2018-09-14 11:22:50,144 INFO org.springframework.context.support.ClassPathXmlApplicationContext [main] Refreshing org.springframework.context.support.ClassPathXmlApplicationContext@35083305: startup date [Fri Sep 14 11:22:50 CST 2018]; root of context hierarchy
2018-09-14 11:22:50,207 INFO org.springframework.beans.factory.xml.XmlBeanDefinitionReader [main] Loading XML bean definitions from class path resource [cn/kepu/self/site/launcher.xml]
2018-09-14 11:22:50,313 INFO org.springframework.beans.factory.xml.XmlBeanDefinitionReader [main] Loading XML bean definitions from class path resource [cn/kepu/self/dbaccess/sql.xml]
2018-09-14 11:22:50,369 INFO org.springframework.beans.factory.xml.XmlBeanDefinitionReader [main] Loading XML bean definitions from class path resource [cn/kepu/self/util/util.xml]
2018-09-14 11:22:50,389 INFO org.springframework.beans.factory.xml.XmlBeanDefinitionReader [main] Loading XML bean definitions from class path resource [cn/kepu/self/commons/commons.xml]
2018-09-14 11:22:50,458 INFO org.springframework.beans.factory.xml.XmlBeanDefinitionReader [main] Loading XML bean definitions from class path resource [cn/kepu/self/task/task.xml]
2018-09-14 11:22:50,483 INFO org.springframework.beans.factory.xml.XmlBeanDefinitionReader [main] Loading XML bean definitions from class path resource [cn/kepu/self/video/video.xml]
2018-09-14 11:22:50,526 INFO org.springframework.beans.factory.xml.XmlBeanDefinitionReader [main] Loading XML bean definitions from class path resource [cn/kepu/self/activity/activity.xml]
2018-09-14 11:22:50,552 INFO org.springframework.beans.factory.xml.XmlBeanDefinitionReader [main] Loading XML bean definitions from class path resource [cn/kepu/self/shop/shop.xml]
2018-09-14 11:22:50,599 INFO org.springframework.beans.factory.xml.XmlBeanDefinitionReader [main] Loading XML bean definitions from class path resource [cn/kepu/self/others/others.xml]
2018-09-14 11:22:50,633 INFO org.springframework.beans.factory.xml.XmlBeanDefinitionReader [main] Loading XML bean definitions from class path resource [cn/kepu/self/site/site.xml]
2018-09-14 11:22:51,214 INFO org.springframework.beans.factory.annotation.AutowiredAnnotationBeanPostProcessor [main] JSR-330 'javax.inject.Inject' annotation found and supported for autowiring
2018-09-14 11:22:51,352 INFO org.springframework.scheduling.concurrent.ThreadPoolTaskScheduler [main] Initializing ExecutorService  'wxScheduler'
2018-09-14 11:22:51,352 INFO org.springframework.context.support.PostProcessorRegistrationDelegate$BeanPostProcessorChecker [main] Bean 'wxScheduler' of type [org.springframework.scheduling.concurrent.ThreadPoolTaskScheduler] is not eligible for getting processed by all BeanPostProcessors (for example: not eligible for auto-proxying)
2018-09-14 11:22:59,901 WARN org.springframework.context.support.ClassPathXmlApplicationContext [main] Exception encountered during context initialization - cancelling refresh attempt: org.springframework.beans.factory.BeanCreationException: Error creating bean with name 'cn.kepu.self.commons.http.SelfHttpServer#0' defined in class path resource [cn/kepu/self/site/launcher.xml]: Bean instantiation via constructor failed; nested exception is org.springframework.beans.BeanInstantiationException: Failed to instantiate [cn.kepu.self.commons.http.SelfHttpServer]: Constructor threw exception; nested exception is javax.ws.rs.ProcessingException: Failed to start Grizzly HTTP server: Cannot assign requested address: bind
2018-09-14 11:22:59,911 INFO org.springframework.scheduling.concurrent.ThreadPoolTaskScheduler [main] Shutting down ExecutorService 'wxScheduler'
2018-09-14 11:24:10,176 INFO org.springframework.context.support.ClassPathXmlApplicationContext [main] Refreshing org.springframework.context.support.ClassPathXmlApplicationContext@35083305: startup date [Fri Sep 14 11:24:10 CST 2018]; root of context hierarchy
2018-09-14 11:24:10,242 INFO org.springframework.beans.factory.xml.XmlBeanDefinitionReader [main] Loading XML bean definitions from class path resource [cn/kepu/self/site/launcher.xml]
2018-09-14 11:24:10,343 INFO org.springframework.beans.factory.xml.XmlBeanDefinitionReader [main] Loading XML bean definitions from class path resource [cn/kepu/self/dbaccess/sql.xml]
2018-09-14 11:24:10,399 INFO org.springframework.beans.factory.xml.XmlBeanDefinitionReader [main] Loading XML bean definitions from class path resource [cn/kepu/self/util/util.xml]
2018-09-14 11:24:10,418 INFO org.springframework.beans.factory.xml.XmlBeanDefinitionReader [main] Loading XML bean definitions from class path resource [cn/kepu/self/commons/commons.xml]
2018-09-14 11:24:10,479 INFO org.springframework.beans.factory.xml.XmlBeanDefinitionReader [main] Loading XML bean definitions from class path resource [cn/kepu/self/task/task.xml]
2018-09-14 11:24:10,512 INFO org.springframework.beans.factory.xml.XmlBeanDefinitionReader [main] Loading XML bean definitions from class path resource [cn/kepu/self/video/video.xml]
2018-09-14 11:24:10,543 INFO org.springframework.beans.factory.xml.XmlBeanDefinitionReader [main] Loading XML bean definitions from class path resource [cn/kepu/self/activity/activity.xml]
2018-09-14 11:24:10,599 INFO org.springframework.beans.factory.xml.XmlBeanDefinitionReader [main] Loading XML bean definitions from class path resource [cn/kepu/self/shop/shop.xml]
2018-09-14 11:24:10,636 INFO org.springframework.beans.factory.xml.XmlBeanDefinitionReader [main] Loading XML bean definitions from class path resource [cn/kepu/self/others/others.xml]
2018-09-14 11:24:10,673 INFO org.springframework.beans.factory.xml.XmlBeanDefinitionReader [main] Loading XML bean definitions from class path resource [cn/kepu/self/site/site.xml]
2018-09-14 11:24:11,250 INFO org.springframework.beans.factory.annotation.AutowiredAnnotationBeanPostProcessor [main] JSR-330 'javax.inject.Inject' annotation found and supported for autowiring
2018-09-14 11:24:11,375 INFO org.springframework.scheduling.concurrent.ThreadPoolTaskScheduler [main] Initializing ExecutorService  'wxScheduler'
2018-09-14 11:24:11,376 INFO org.springframework.context.support.PostProcessorRegistrationDelegate$BeanPostProcessorChecker [main] Bean 'wxScheduler' of type [org.springframework.scheduling.concurrent.ThreadPoolTaskScheduler] is not eligible for getting processed by all BeanPostProcessors (for example: not eligible for auto-proxying)
2018-09-16 20:45:58,732 INFO org.springframework.context.support.ClassPathXmlApplicationContext [main] Refreshing org.springframework.context.support.ClassPathXmlApplicationContext@35083305: startup date [Sun Sep 16 20:45:58 CST 2018]; root of context hierarchy
2018-09-16 20:45:59,027 INFO org.springframework.beans.factory.xml.XmlBeanDefinitionReader [main] Loading XML bean definitions from class path resource [cn/kepu/self/site/launcher.xml]
2018-09-16 20:45:59,155 INFO org.springframework.beans.factory.xml.XmlBeanDefinitionReader [main] Loading XML bean definitions from class path resource [cn/kepu/self/dbaccess/sql.xml]
2018-09-16 20:45:59,224 INFO org.springframework.beans.factory.xml.XmlBeanDefinitionReader [main] Loading XML bean definitions from class path resource [cn/kepu/self/util/util.xml]
2018-09-16 20:45:59,249 INFO org.springframework.beans.factory.xml.XmlBeanDefinitionReader [main] Loading XML bean definitions from class path resource [cn/kepu/self/commons/commons.xml]
2018-09-16 20:45:59,331 INFO org.springframework.beans.factory.xml.XmlBeanDefinitionReader [main] Loading XML bean definitions from class path resource [cn/kepu/self/task/task.xml]
2018-09-16 20:45:59,363 INFO org.springframework.beans.factory.xml.XmlBeanDefinitionReader [main] Loading XML bean definitions from class path resource [cn/kepu/self/video/video.xml]
2018-09-16 20:45:59,403 INFO org.springframework.beans.factory.xml.XmlBeanDefinitionReader [main] Loading XML bean definitions from class path resource [cn/kepu/self/activity/activity.xml]
2018-09-16 20:45:59,436 INFO org.springframework.beans.factory.xml.XmlBeanDefinitionReader [main] Loading XML bean definitions from class path resource [cn/kepu/self/shop/shop.xml]
2018-09-16 20:45:59,469 INFO org.springframework.beans.factory.xml.XmlBeanDefinitionReader [main] Loading XML bean definitions from class path resource [cn/kepu/self/others/others.xml]
2018-09-16 20:45:59,551 INFO org.springframework.beans.factory.xml.XmlBeanDefinitionReader [main] Loading XML bean definitions from class path resource [cn/kepu/self/site/site.xml]
2018-09-16 20:46:01,313 INFO org.springframework.beans.factory.annotation.AutowiredAnnotationBeanPostProcessor [main] JSR-330 'javax.inject.Inject' annotation found and supported for autowiring
2018-09-16 20:46:01,953 INFO org.springframework.scheduling.concurrent.ThreadPoolTaskScheduler [main] Initializing ExecutorService  'wxScheduler'
2018-09-16 20:46:01,953 INFO org.springframework.context.support.PostProcessorRegistrationDelegate$BeanPostProcessorChecker [main] Bean 'wxScheduler' of type [org.springframework.scheduling.concurrent.ThreadPoolTaskScheduler] is not eligible for getting processed by all BeanPostProcessors (for example: not eligible for auto-proxying)
2018-09-16 21:01:25,043 INFO org.springframework.context.support.ClassPathXmlApplicationContext [main] Refreshing org.springframework.context.support.ClassPathXmlApplicationContext@35083305: startup date [Sun Sep 16 21:01:25 CST 2018]; root of context hierarchy
2018-09-16 21:01:25,229 INFO org.springframework.beans.factory.xml.XmlBeanDefinitionReader [main] Loading XML bean definitions from class path resource [cn/kepu/self/site/launcher.xml]
2018-09-16 21:01:25,613 INFO org.springframework.beans.factory.xml.XmlBeanDefinitionReader [main] Loading XML bean definitions from class path resource [cn/kepu/self/dbaccess/sql.xml]
2018-09-16 21:01:25,765 INFO org.springframework.beans.factory.xml.XmlBeanDefinitionReader [main] Loading XML bean definitions from class path resource [cn/kepu/self/util/util.xml]
2018-09-16 21:01:25,910 INFO org.springframework.beans.factory.xml.XmlBeanDefinitionReader [main] Loading XML bean definitions from class path resource [cn/kepu/self/commons/commons.xml]
2018-09-16 21:01:26,292 INFO org.springframework.beans.factory.xml.XmlBeanDefinitionReader [main] Loading XML bean definitions from class path resource [cn/kepu/self/task/task.xml]
2018-09-16 21:01:26,349 INFO org.springframework.beans.factory.xml.XmlBeanDefinitionReader [main] Loading XML bean definitions from class path resource [cn/kepu/self/video/video.xml]
2018-09-16 21:01:26,429 INFO org.springframework.beans.factory.xml.XmlBeanDefinitionReader [main] Loading XML bean definitions from class path resource [cn/kepu/self/activity/activity.xml]
2018-09-16 21:01:26,492 INFO org.springframework.beans.factory.xml.XmlBeanDefinitionReader [main] Loading XML bean definitions from class path resource [cn/kepu/self/shop/shop.xml]
2018-09-16 21:01:26,542 INFO org.springframework.beans.factory.xml.XmlBeanDefinitionReader [main] Loading XML bean definitions from class path resource [cn/kepu/self/others/others.xml]
2018-09-16 21:01:26,760 INFO org.springframework.beans.factory.xml.XmlBeanDefinitionReader [main] Loading XML bean definitions from class path resource [cn/kepu/self/site/site.xml]
2018-09-16 21:01:28,457 INFO org.springframework.beans.factory.annotation.AutowiredAnnotationBeanPostProcessor [main] JSR-330 'javax.inject.Inject' annotation found and supported for autowiring
2018-09-16 21:01:28,895 INFO org.springframework.scheduling.concurrent.ThreadPoolTaskScheduler [main] Initializing ExecutorService  'wxScheduler'
2018-09-16 21:01:28,895 INFO org.springframework.context.support.PostProcessorRegistrationDelegate$BeanPostProcessorChecker [main] Bean 'wxScheduler' of type [org.springframework.scheduling.concurrent.ThreadPoolTaskScheduler] is not eligible for getting processed by all BeanPostProcessors (for example: not eligible for auto-proxying)
2018-09-17 09:25:42,650 INFO org.springframework.context.support.ClassPathXmlApplicationContext [main] Refreshing org.springframework.context.support.ClassPathXmlApplicationContext@35083305: startup date [Mon Sep 17 09:25:42 CST 2018]; root of context hierarchy
2018-09-17 09:25:42,868 INFO org.springframework.beans.factory.xml.XmlBeanDefinitionReader [main] Loading XML bean definitions from class path resource [cn/kepu/self/site/launcher.xml]
2018-09-17 09:25:43,096 INFO org.springframework.beans.factory.xml.XmlBeanDefinitionReader [main] Loading XML bean definitions from class path resource [cn/kepu/self/dbaccess/sql.xml]
2018-09-17 09:25:43,221 INFO org.springframework.beans.factory.xml.XmlBeanDefinitionReader [main] Loading XML bean definitions from class path resource [cn/kepu/self/util/util.xml]
2018-09-17 09:25:43,356 INFO org.springframework.beans.factory.xml.XmlBeanDefinitionReader [main] Loading XML bean definitions from class path resource [cn/kepu/self/commons/commons.xml]
2018-09-17 09:25:43,496 INFO org.springframework.beans.factory.xml.XmlBeanDefinitionReader [main] Loading XML bean definitions from class path resource [cn/kepu/self/task/task.xml]
2018-09-17 09:25:43,541 INFO org.springframework.beans.factory.xml.XmlBeanDefinitionReader [main] Loading XML bean definitions from class path resource [cn/kepu/self/video/video.xml]
2018-09-17 09:25:43,597 INFO org.springframework.beans.factory.xml.XmlBeanDefinitionReader [main] Loading XML bean definitions from class path resource [cn/kepu/self/activity/activity.xml]
2018-09-17 09:25:43,665 INFO org.springframework.beans.factory.xml.XmlBeanDefinitionReader [main] Loading XML bean definitions from class path resource [cn/kepu/self/shop/shop.xml]
2018-09-17 09:25:43,746 INFO org.springframework.beans.factory.xml.XmlBeanDefinitionReader [main] Loading XML bean definitions from class path resource [cn/kepu/self/others/others.xml]
2018-09-17 09:25:43,852 INFO org.springframework.beans.factory.xml.XmlBeanDefinitionReader [main] Loading XML bean definitions from class path resource [cn/kepu/self/site/site.xml]
2018-09-17 09:25:45,430 INFO org.springframework.beans.factory.annotation.AutowiredAnnotationBeanPostProcessor [main] JSR-330 'javax.inject.Inject' annotation found and supported for autowiring
2018-09-17 09:25:45,762 INFO org.springframework.scheduling.concurrent.ThreadPoolTaskScheduler [main] Initializing ExecutorService  'wxScheduler'
2018-09-17 09:25:45,762 INFO org.springframework.context.support.PostProcessorRegistrationDelegate$BeanPostProcessorChecker [main] Bean 'wxScheduler' of type [org.springframework.scheduling.concurrent.ThreadPoolTaskScheduler] is not eligible for getting processed by all BeanPostProcessors (for example: not eligible for auto-proxying)
2018-09-17 09:25:57,261 WARN org.springframework.context.support.ClassPathXmlApplicationContext [main] Exception encountered during context initialization - cancelling refresh attempt: org.springframework.beans.factory.BeanCreationException: Error creating bean with name 'cn.kepu.self.commons.http.SelfHttpServer#0' defined in class path resource [cn/kepu/self/site/launcher.xml]: Bean instantiation via constructor failed; nested exception is org.springframework.beans.BeanInstantiationException: Failed to instantiate [cn.kepu.self.commons.http.SelfHttpServer]: Constructor threw exception; nested exception is javax.ws.rs.ProcessingException: Failed to start Grizzly HTTP server: Cannot assign requested address: bind
2018-09-17 09:25:57,292 INFO org.springframework.scheduling.concurrent.ThreadPoolTaskScheduler [main] Shutting down ExecutorService 'wxScheduler'
2018-09-17 09:27:53,487 INFO org.springframework.context.support.ClassPathXmlApplicationContext [main] Refreshing org.springframework.context.support.ClassPathXmlApplicationContext@35083305: startup date [Mon Sep 17 09:27:53 CST 2018]; root of context hierarchy
2018-09-17 09:27:53,562 INFO org.springframework.beans.factory.xml.XmlBeanDefinitionReader [main] Loading XML bean definitions from class path resource [cn/kepu/self/site/launcher.xml]
2018-09-17 09:27:53,672 INFO org.springframework.beans.factory.xml.XmlBeanDefinitionReader [main] Loading XML bean definitions from class path resource [cn/kepu/self/dbaccess/sql.xml]
2018-09-17 09:27:53,736 INFO org.springframework.beans.factory.xml.XmlBeanDefinitionReader [main] Loading XML bean definitions from class path resource [cn/kepu/self/util/util.xml]
2018-09-17 09:27:53,759 INFO org.springframework.beans.factory.xml.XmlBeanDefinitionReader [main] Loading XML bean definitions from class path resource [cn/kepu/self/commons/commons.xml]
2018-09-17 09:27:53,842 INFO org.springframework.beans.factory.xml.XmlBeanDefinitionReader [main] Loading XML bean definitions from class path resource [cn/kepu/self/task/task.xml]
2018-09-17 09:27:53,874 INFO org.springframework.beans.factory.xml.XmlBeanDefinitionReader [main] Loading XML bean definitions from class path resource [cn/kepu/self/video/video.xml]
2018-09-17 09:27:53,928 INFO org.springframework.beans.factory.xml.XmlBeanDefinitionReader [main] Loading XML bean definitions from class path resource [cn/kepu/self/activity/activity.xml]
2018-09-17 09:27:53,964 INFO org.springframework.beans.factory.xml.XmlBeanDefinitionReader [main] Loading XML bean definitions from class path resource [cn/kepu/self/shop/shop.xml]
2018-09-17 09:27:54,016 INFO org.springframework.beans.factory.xml.XmlBeanDefinitionReader [main] Loading XML bean definitions from class path resource [cn/kepu/self/others/others.xml]
2018-09-17 09:27:54,042 INFO org.springframework.beans.factory.xml.XmlBeanDefinitionReader [main] Loading XML bean definitions from class path resource [cn/kepu/self/site/site.xml]
2018-09-17 09:27:54,621 INFO org.springframework.beans.factory.annotation.AutowiredAnnotationBeanPostProcessor [main] JSR-330 'javax.inject.Inject' annotation found and supported for autowiring
2018-09-17 09:27:54,761 INFO org.springframework.scheduling.concurrent.ThreadPoolTaskScheduler [main] Initializing ExecutorService  'wxScheduler'
2018-09-17 09:27:54,765 INFO org.springframework.context.support.PostProcessorRegistrationDelegate$BeanPostProcessorChecker [main] Bean 'wxScheduler' of type [org.springframework.scheduling.concurrent.ThreadPoolTaskScheduler] is not eligible for getting processed by all BeanPostProcessors (for example: not eligible for auto-proxying)
2018-09-17 21:51:40,204 INFO org.springframework.context.support.ClassPathXmlApplicationContext [main] Refreshing org.springframework.context.support.ClassPathXmlApplicationContext@35083305: startup date [Mon Sep 17 21:51:40 CST 2018]; root of context hierarchy
2018-09-17 21:51:40,701 INFO org.springframework.beans.factory.xml.XmlBeanDefinitionReader [main] Loading XML bean definitions from class path resource [cn/kepu/self/site/launcher.xml]
2018-09-17 21:51:41,265 INFO org.springframework.beans.factory.xml.XmlBeanDefinitionReader [main] Loading XML bean definitions from class path resource [cn/kepu/self/dbaccess/sql.xml]
2018-09-17 21:51:41,560 INFO org.springframework.beans.factory.xml.XmlBeanDefinitionReader [main] Loading XML bean definitions from class path resource [cn/kepu/self/util/util.xml]
2018-09-17 21:51:41,637 INFO org.springframework.beans.factory.xml.XmlBeanDefinitionReader [main] Loading XML bean definitions from class path resource [cn/kepu/self/commons/commons.xml]
2018-09-17 21:51:41,704 INFO org.springframework.beans.factory.xml.XmlBeanDefinitionReader [main] Loading XML bean definitions from class path resource [cn/kepu/self/task/task.xml]
2018-09-17 21:51:41,767 INFO org.springframework.beans.factory.xml.XmlBeanDefinitionReader [main] Loading XML bean definitions from class path resource [cn/kepu/self/video/video.xml]
2018-09-17 21:51:41,813 INFO org.springframework.beans.factory.xml.XmlBeanDefinitionReader [main] Loading XML bean definitions from class path resource [cn/kepu/self/activity/activity.xml]
2018-09-17 21:51:41,840 INFO org.springframework.beans.factory.xml.XmlBeanDefinitionReader [main] Loading XML bean definitions from class path resource [cn/kepu/self/shop/shop.xml]
2018-09-17 21:51:41,868 INFO org.springframework.beans.factory.xml.XmlBeanDefinitionReader [main] Loading XML bean definitions from class path resource [cn/kepu/self/others/others.xml]
2018-09-17 21:51:41,901 INFO org.springframework.beans.factory.xml.XmlBeanDefinitionReader [main] Loading XML bean definitions from class path resource [cn/kepu/self/site/site.xml]
2018-09-17 21:51:43,934 INFO org.springframework.beans.factory.annotation.AutowiredAnnotationBeanPostProcessor [main] JSR-330 'javax.inject.Inject' annotation found and supported for autowiring
2018-09-17 21:51:44,169 INFO org.springframework.scheduling.concurrent.ThreadPoolTaskScheduler [main] Initializing ExecutorService  'wxScheduler'
2018-09-17 21:51:44,171 INFO org.springframework.context.support.PostProcessorRegistrationDelegate$BeanPostProcessorChecker [main] Bean 'wxScheduler' of type [org.springframework.scheduling.concurrent.ThreadPoolTaskScheduler] is not eligible for getting processed by all BeanPostProcessors (for example: not eligible for auto-proxying)
